1598983214403	geckodriver	INFO	Listening on 127.0.0.1:53168
1598983217461	mozrunner::runner	INFO	Running command: "C:\\Program Files\\Mozilla Firefox\\firefox.exe" "--marionette" "-foreground" "-no-remote" "-profile" "C:\\Users\\ilker\\AppData\\Local\\Temp\\rust_mozprofilevfuZbA"
1598983251393	geckodriver	INFO	Listening on 127.0.0.1:53228
1598983254427	mozrunner::runner	INFO	Running command: "C:\\Program Files\\Mozilla Firefox\\firefox.exe" "--marionette" "-foreground" "-no-remote" "-profile" "C:\\Users\\ilker\\AppData\\Local\\Temp\\rust_mozprofilecbHHBk"
JavaScript error: resource://gre/modules/XULStore.jsm, line 66: Error: Can't find profile directory.
console.error: SearchCache: "_readCacheFile: Error reading cache file:" (new Error("", "(unknown module)"))
1598983256559	Marionette	INFO	Listening on port 53237
1598983257036	Marionette	WARN	TLS certificate errors will be ignored for this session
1598983733143	geckodriver	INFO	Listening on 127.0.0.1:53619
1598983736187	mozrunner::runner	INFO	Running command: "C:\\Program Files\\Mozilla Firefox\\firefox.exe" "--marionette" "-foreground" "-no-remote" "-profile" "C:\\Users\\ilker\\AppData\\Local\\Temp\\rust_mozprofile6ifx1K"
JavaScript error: resource://gre/modules/XULStore.jsm, line 66: Error: Can't find profile directory.
console.error: SearchCache: "_readCacheFile: Error reading cache file:" (new Error("", "(unknown module)"))
1598983738409	Marionette	INFO	Listening on port 53630
1598983738796	Marionette	WARN	TLS certificate errors will be ignored for this session
1598983757430	geckodriver	INFO	Listening on 127.0.0.1:53705
1598983760461	mozrunner::runner	INFO	Running command: "C:\\Program Files\\Mozilla Firefox\\firefox.exe" "--marionette" "-foreground" "-no-remote" "-profile" "C:\\Users\\ilker\\AppData\\Local\\Temp\\rust_mozprofileCzFxic"
console.error: SearchCache: "_readCacheFile: Error reading cache file:" (new Error("", "(unknown module)"))
JavaScript error: resource://gre/modules/XULStore.jsm, line 66: Error: Can't find profile directory.
1598983762557	Marionette	INFO	Listening on port 53714
1598983762578	Marionette	WARN	TLS certificate errors will be ignored for this session
1598983805461	Marionette	INFO	Stopped listening on port 53714

###!!! [Child][RunMessage] Error: Channel closing: too late to send/recv, messages will be lost


###!!! [Child][MessageChannel::SendAndWait] Error: Channel error: cannot send/recv

1598983807768	geckodriver	INFO	Listening on 127.0.0.1:53797
1598983810799	mozrunner::runner	INFO	Running command: "C:\\Program Files\\Mozilla Firefox\\firefox.exe" "--marionette" "-foreground" "-no-remote" "-profile" "C:\\Users\\ilker\\AppData\\Local\\Temp\\rust_mozprofilewJMAIR"
JavaScript error: resource://gre/modules/XULStore.jsm, line 66: Error: Can't find profile directory.
console.error: SearchCache: "_readCacheFile: Error reading cache file:" (new Error("", "(unknown module)"))
1598983812979	Marionette	INFO	Listening on port 53807
1598983813408	Marionette	WARN	TLS certificate errors will be ignored for this session
1598983891484	Marionette	INFO	Stopped listening on port 53807

###!!! [Child][RunMessage] Error: Channel closing: too late to send/recv, messages will be lost


###!!! [Child][MessageChannel::SendAndWait] Error: Channel error: cannot send/recv

1598983896425	geckodriver	INFO	Listening on 127.0.0.1:53961
1598983899458	mozrunner::runner	INFO	Running command: "C:\\Program Files\\Mozilla Firefox\\firefox.exe" "--marionette" "-foreground" "-no-remote" "-profile" "C:\\Users\\ilker\\AppData\\Local\\Temp\\rust_mozprofilexxVNhD"
JavaScript error: resource://gre/modules/XULStore.jsm, line 66: Error: Can't find profile directory.
console.error: SearchCache: "_readCacheFile: Error reading cache file:" (new Error("", "(unknown module)"))
1598983901540	Marionette	INFO	Listening on port 53970
1598983901568	Marionette	WARN	TLS certificate errors will be ignored for this session
1598983930558	Marionette	INFO	Stopped listening on port 53970

###!!! [Child][RunMessage] Error: Channel closing: too late to send/recv, messages will be lost


###!!! [Child][MessageChannel::SendAndWait] Error: Channel error: cannot send/recv

1598983941577	geckodriver	INFO	Listening on 127.0.0.1:54050
1598983944611	mozrunner::runner	INFO	Running command: "C:\\Program Files\\Mozilla Firefox\\firefox.exe" "--marionette" "-foreground" "-no-remote" "-profile" "C:\\Users\\ilker\\AppData\\Local\\Temp\\rust_mozprofile2b5Ohy"
JavaScript error: resource://gre/modules/XULStore.jsm, line 66: Error: Can't find profile directory.
console.error: SearchCache: "_readCacheFile: Error reading cache file:" (new Error("", "(unknown module)"))
1598983946706	Marionette	INFO	Listening on port 54059
1598983946724	Marionette	WARN	TLS certificate errors will be ignored for this session
1598984010957	Marionette	INFO	Stopped listening on port 54059

###!!! [Child][RunMessage] Error: Channel closing: too late to send/recv, messages will be lost


###!!! [Child][MessageChannel::SendAndWait] Error: Channel error: cannot send/recv

1598984083261	geckodriver	INFO	Listening on 127.0.0.1:54192
1598984086290	mozrunner::runner	INFO	Running command: "C:\\Program Files\\Mozilla Firefox\\firefox.exe" "--marionette" "-foreground" "-no-remote" "-profile" "C:\\Users\\ilker\\AppData\\Local\\Temp\\rust_mozprofilerZyIMO"
console.error: SearchCache: "_readCacheFile: Error reading cache file:" (new Error("", "(unknown module)"))
JavaScript error: resource://gre/modules/XULStore.jsm, line 66: Error: Can't find profile directory.
1598984088620	Marionette	INFO	Listening on port 54203
1598984088904	Marionette	WARN	TLS certificate errors will be ignored for this session
1598984132920	geckodriver	INFO	Listening on 127.0.0.1:54362
1598984135975	mozrunner::runner	INFO	Running command: "C:\\Program Files\\Mozilla Firefox\\firefox.exe" "--marionette" "-foreground" "-no-remote" "-profile" "C:\\Users\\ilker\\AppData\\Local\\Temp\\rust_mozprofilefAFwyX"
JavaScript error: resource://gre/modules/XULStore.jsm, line 66: Error: Can't find profile directory.
console.error: SearchCache: "_readCacheFile: Error reading cache file:" (new Error("", "(unknown module)"))
1598984138051	Marionette	INFO	Listening on port 54371
1598984138085	Marionette	WARN	TLS certificate errors will be ignored for this session
1598984372794	geckodriver	INFO	Listening on 127.0.0.1:54599
1598984375046	geckodriver	INFO	Listening on 127.0.0.1:54607
1598984378077	mozrunner::runner	INFO	Running command: "C:\\Program Files\\Mozilla Firefox\\firefox.exe" "--marionette" "-foreground" "-no-remote" "-profile" "C:\\Users\\ilker\\AppData\\Local\\Temp\\rust_mozprofile0vOGUF"
JavaScript error: resource://gre/modules/XULStore.jsm, line 66: Error: Can't find profile directory.
console.error: SearchCache: "_readCacheFile: Error reading cache file:" (new Error("", "(unknown module)"))
1598984380295	Marionette	INFO	Listening on port 54617
1598984380689	Marionette	WARN	TLS certificate errors will be ignored for this session
1598984516611	geckodriver	INFO	Listening on 127.0.0.1:54771
1598984519642	mozrunner::runner	INFO	Running command: "C:\\Program Files\\Mozilla Firefox\\firefox.exe" "--marionette" "-foreground" "-no-remote" "-profile" "C:\\Users\\ilker\\AppData\\Local\\Temp\\rust_mozprofile71kOTq"
JavaScript error: resource://gre/modules/XULStore.jsm, line 66: Error: Can't find profile directory.
console.error: SearchCache: "_readCacheFile: Error reading cache file:" (new Error("", "(unknown module)"))
1598984521720	Marionette	INFO	Listening on port 54780
1598984521751	Marionette	WARN	TLS certificate errors will be ignored for this session
JavaScript error: resource://devtools/client/inspector/rules/utils/utils.js, line 192: TypeError: rule is undefined
JavaScript error: resource://devtools/client/inspector/rules/utils/utils.js, line 192: TypeError: rule is undefined
JavaScript error: resource://devtools/client/inspector/rules/utils/utils.js, line 192: TypeError: rule is undefined
1598985695774	geckodriver	INFO	Listening on 127.0.0.1:55604
1598985698806	mozrunner::runner	INFO	Running command: "C:\\Program Files\\Mozilla Firefox\\firefox.exe" "--marionette" "-foreground" "-no-remote" "-profile" "C:\\Users\\ilker\\AppData\\Local\\Temp\\rust_mozprofilejrGPX2"
JavaScript error: resource://gre/modules/XULStore.jsm, line 66: Error: Can't find profile directory.
console.error: SearchCache: "_readCacheFile: Error reading cache file:" (new Error("", "(unknown module)"))
1598985700929	Marionette	INFO	Listening on port 55613
1598985701415	Marionette	WARN	TLS certificate errors will be ignored for this session
1598986749982	Marionette	INFO	Stopped listening on port 55613

###!!! [Child][RunMessage] Error: Channel closing: too late to send/recv, messages will be lost


###!!! [Child][MessageChannel::SendAndWait] Error: Channel error: cannot send/recv

1599154956748	geckodriver	INFO	Listening on 127.0.0.1:62283
1599154959763	mozrunner::runner	INFO	Running command: "C:\\Program Files\\Mozilla Firefox\\firefox.exe" "--marionette" "-foreground" "-no-remote" "-profile" "C:\\Users\\ilker\\AppData\\Local\\Temp\\rust_mozprofilenXhZ8U"
console.error: SearchCache: "_readCacheFile: Error reading cache file:" (new Error("", "(unknown module)"))
JavaScript error: resource://gre/modules/XULStore.jsm, line 66: Error: Can't find profile directory.
1599154962655	Marionette	INFO	Listening on port 62291
1599154962913	Marionette	WARN	TLS certificate errors will be ignored for this session
1599155017688	Marionette	INFO	Stopped listening on port 62291

###!!! [Child][RunMessage] Error: Channel closing: too late to send/recv, messages will be lost


###!!! [Child][MessageChannel::SendAndWait] Error: Channel error: cannot send/recv

1599155053692	geckodriver	INFO	Listening on 127.0.0.1:62367
1599155056719	mozrunner::runner	INFO	Running command: "C:\\Program Files\\Mozilla Firefox\\firefox.exe" "--marionette" "-foreground" "-no-remote" "-profile" "C:\\Users\\ilker\\AppData\\Local\\Temp\\rust_mozprofileg5uPud"
JavaScript error: resource://gre/modules/XULStore.jsm, line 66: Error: Can't find profile directory.
console.error: SearchCache: "_readCacheFile: Error reading cache file:" (new Error("", "(unknown module)"))
1599155058852	Marionette	INFO	Listening on port 62375
1599155059334	Marionette	WARN	TLS certificate errors will be ignored for this session
1599155265797	Marionette	INFO	Stopped listening on port 62375

###!!! [Child][RunMessage] Error: Channel closing: too late to send/recv, messages will be lost


###!!! [Child][MessageChannel::SendAndWait] Error: Channel error: cannot send/recv

1599155389321	geckodriver	INFO	Listening on 127.0.0.1:62593
1599155392350	mozrunner::runner	INFO	Running command: "C:\\Program Files\\Mozilla Firefox\\firefox.exe" "--marionette" "-foreground" "-no-remote" "-profile" "C:\\Users\\ilker\\AppData\\Local\\Temp\\rust_mozprofileWrGssD"
JavaScript error: resource://gre/modules/XULStore.jsm, line 66: Error: Can't find profile directory.
console.error: SearchCache: "_readCacheFile: Error reading cache file:" (new Error("", "(unknown module)"))
1599155394507	Marionette	INFO	Listening on port 62601
1599155394960	Marionette	WARN	TLS certificate errors will be ignored for this session
1599155519609	geckodriver	INFO	Listening on 127.0.0.1:62689
1599155522642	mozrunner::runner	INFO	Running command: "C:\\Program Files\\Mozilla Firefox\\firefox.exe" "--marionette" "-foreground" "-no-remote" "-profile" "C:\\Users\\ilker\\AppData\\Local\\Temp\\rust_mozprofilesfaEEj"
JavaScript error: resource://gre/modules/XULStore.jsm, line 66: Error: Can't find profile directory.
console.error: SearchCache: "_readCacheFile: Error reading cache file:" (new Error("", "(unknown module)"))
1599155524751	Marionette	INFO	Listening on port 62697
1599155525250	Marionette	WARN	TLS certificate errors will be ignored for this session
1599155588557	geckodriver	INFO	Listening on 127.0.0.1:62778
1599155591599	mozrunner::runner	INFO	Running command: "C:\\Program Files\\Mozilla Firefox\\firefox.exe" "--marionette" "-foreground" "-no-remote" "-profile" "C:\\Users\\ilker\\AppData\\Local\\Temp\\rust_mozprofilesUDhRI"
JavaScript error: resource://gre/modules/XULStore.jsm, line 66: Error: Can't find profile directory.
console.error: SearchCache: "_readCacheFile: Error reading cache file:" (new Error("", "(unknown module)"))
1599155593709	Marionette	INFO	Listening on port 62786
1599155593731	Marionette	WARN	TLS certificate errors will be ignored for this session
1599155654554	geckodriver	INFO	Listening on 127.0.0.1:62863
1599155657585	mozrunner::runner	INFO	Running command: "C:\\Program Files\\Mozilla Firefox\\firefox.exe" "--marionette" "-foreground" "-no-remote" "-profile" "C:\\Users\\ilker\\AppData\\Local\\Temp\\rust_mozprofilei7FBPw"
console.error: SearchCache: "_readCacheFile: Error reading cache file:" (new Error("", "(unknown module)"))
JavaScript error: resource://gre/modules/XULStore.jsm, line 66: Error: Can't find profile directory.
1599155659676	Marionette	INFO	Listening on port 62871
1599155659696	Marionette	WARN	TLS certificate errors will be ignored for this session
1599155701193	Marionette	INFO	Stopped listening on port 62871

###!!! [Child][MessageChannel::SendAndWait] Error: Channel error: cannot send/recv

1599155745971	geckodriver	INFO	Listening on 127.0.0.1:62949
1599155749005	mozrunner::runner	INFO	Running command: "C:\\Program Files\\Mozilla Firefox\\firefox.exe" "--marionette" "-foreground" "-no-remote" "-profile" "C:\\Users\\ilker\\AppData\\Local\\Temp\\rust_mozprofilezaTxUx"
JavaScript error: resource://gre/modules/XULStore.jsm, line 66: Error: Can't find profile directory.
1599155856385	geckodriver	INFO	Listening on 127.0.0.1:62972
1599155859417	mozrunner::runner	INFO	Running command: "C:\\Program Files\\Mozilla Firefox\\firefox.exe" "--marionette" "-foreground" "-no-remote" "-profile" "C:\\Users\\ilker\\AppData\\Local\\Temp\\rust_mozprofileNfirfk"
JavaScript error: resource://gre/modules/XULStore.jsm, line 66: Error: Can't find profile directory.
console.error: SearchCache: "_readCacheFile: Error reading cache file:" (new Error("", "(unknown module)"))
1599155861550	Marionette	INFO	Listening on port 62980
1599155862025	Marionette	WARN	TLS certificate errors will be ignored for this session
console.warn: LoginRecipes: "getRecipes: falling back to a synchronous message for:" "https://passport.yandex.com.tr"
1599156684838	geckodriver	INFO	Listening on 127.0.0.1:63086
1599156687866	mozrunner::runner	INFO	Running command: "C:\\Program Files\\Mozilla Firefox\\firefox.exe" "--marionette" "-foreground" "-no-remote" "-profile" "C:\\Users\\ilker\\AppData\\Local\\Temp\\rust_mozprofilejhXV0N"
JavaScript error: resource://gre/modules/XULStore.jsm, line 66: Error: Can't find profile directory.
console.error: SearchCache: "_readCacheFile: Error reading cache file:" (new Error("", "(unknown module)"))
1599156690179	Marionette	INFO	Listening on port 63101
1599156690504	Marionette	WARN	TLS certificate errors will be ignored for this session
1599156864369	Marionette	INFO	Stopped listening on port 63101

###!!! [Child][RunMessage] Error: Channel closing: too late to send/recv, messages will be lost


###!!! [Child][MessageChannel::SendAndWait] Error: Channel error: cannot send/recv

1599156867337	geckodriver	INFO	Listening on 127.0.0.1:63187
1599156870386	mozrunner::runner	INFO	Running command: "C:\\Program Files\\Mozilla Firefox\\firefox.exe" "--marionette" "-foreground" "-no-remote" "-profile" "C:\\Users\\ilker\\AppData\\Local\\Temp\\rust_mozprofileKj0Pmn"
JavaScript error: resource://gre/modules/XULStore.jsm, line 66: Error: Can't find profile directory.
console.error: SearchCache: "_readCacheFile: Error reading cache file:" (new Error("", "(unknown module)"))
1599156872513	Marionette	INFO	Listening on port 63195
1599156872995	Marionette	WARN	TLS certificate errors will be ignored for this session
1599157144143	Marionette	INFO	Stopped listening on port 63195

###!!! [Child][RunMessage] Error: Channel closing: too late to send/recv, messages will be lost


###!!! [Child][MessageChannel::SendAndWait] Error: Channel error: cannot send/recv

1599157158174	geckodriver	INFO	Listening on 127.0.0.1:63279
1599157161205	mozrunner::runner	INFO	Running command: "C:\\Program Files\\Mozilla Firefox\\firefox.exe" "--marionette" "-foreground" "-no-remote" "-profile" "C:\\Users\\ilker\\AppData\\Local\\Temp\\rust_mozprofile15OCja"
JavaScript error: resource://gre/modules/XULStore.jsm, line 66: Error: Can't find profile directory.
console.error: SearchCache: "_readCacheFile: Error reading cache file:" (new Error("", "(unknown module)"))
1599157163334	Marionette	INFO	Listening on port 63287
1599157163819	Marionette	WARN	TLS certificate errors will be ignored for this session
1599157189964	geckodriver	INFO	Listening on 127.0.0.1:63370
1599157193013	mozrunner::runner	INFO	Running command: "C:\\Program Files\\Mozilla Firefox\\firefox.exe" "--marionette" "-foreground" "-no-remote" "-profile" "C:\\Users\\ilker\\AppData\\Local\\Temp\\rust_mozprofileLYaxC6"
JavaScript error: resource://gre/modules/XULStore.jsm, line 66: Error: Can't find profile directory.
console.error: SearchCache: "_readCacheFile: Error reading cache file:" (new Error("", "(unknown module)"))
1599157195256	Marionette	INFO	Listening on port 63378
1599157195621	Marionette	WARN	TLS certificate errors will be ignored for this session
console.warn: LoginRecipes: "getRecipes: falling back to a synchronous message for:" "https://passport.yandex.com.tr"
console.warn: LoginRecipes: "getRecipes: falling back to a synchronous message for:" "https://passport.yandex.com.tr"
console.warn: LoginRecipes: "getRecipes: falling back to a synchronous message for:" "https://passport.yandex.com.tr"
console.warn: LoginRecipes: "getRecipes: falling back to a synchronous message for:" "https://passport.yandex.com.tr"
1599157359383	geckodriver	INFO	Listening on 127.0.0.1:63476
1599157362413	mozrunner::runner	INFO	Running command: "C:\\Program Files\\Mozilla Firefox\\firefox.exe" "--marionette" "-foreground" "-no-remote" "-profile" "C:\\Users\\ilker\\AppData\\Local\\Temp\\rust_mozprofilein0W1g"
JavaScript error: resource://gre/modules/XULStore.jsm, line 66: Error: Can't find profile directory.
console.error: SearchCache: "_readCacheFile: Error reading cache file:" (new Error("", "(unknown module)"))
1599157364501	Marionette	INFO	Listening on port 63488
1599157364529	Marionette	WARN	TLS certificate errors will be ignored for this session
1599157440814	geckodriver	INFO	Listening on 127.0.0.1:63565
1599157443844	mozrunner::runner	INFO	Running command: "C:\\Program Files\\Mozilla Firefox\\firefox.exe" "--marionette" "-foreground" "-no-remote" "-profile" "C:\\Users\\ilker\\AppData\\Local\\Temp\\rust_mozprofileO6SGfy"
console.error: SearchCache: "_readCacheFile: Error reading cache file:" (new Error("", "(unknown module)"))
JavaScript error: resource://gre/modules/XULStore.jsm, line 66: Error: Can't find profile directory.
1599157445979	Marionette	INFO	Listening on port 63573
1599157446455	Marionette	WARN	TLS certificate errors will be ignored for this session
1599157482737	geckodriver	INFO	Listening on 127.0.0.1:63653
1599157485768	mozrunner::runner	INFO	Running command: "C:\\Program Files\\Mozilla Firefox\\firefox.exe" "--marionette" "-foreground" "-no-remote" "-profile" "C:\\Users\\ilker\\AppData\\Local\\Temp\\rust_mozprofile8PTSwN"
JavaScript error: resource://gre/modules/XULStore.jsm, line 66: Error: Can't find profile directory.
console.error: SearchCache: "_readCacheFile: Error reading cache file:" (new Error("", "(unknown module)"))
1599157487926	Marionette	INFO	Listening on port 63661
1599157488377	Marionette	WARN	TLS certificate errors will be ignored for this session
1599157510454	geckodriver	INFO	Listening on 127.0.0.1:63740
1599157513494	mozrunner::runner	INFO	Running command: "C:\\Program Files\\Mozilla Firefox\\firefox.exe" "--marionette" "-foreground" "-no-remote" "-profile" "C:\\Users\\ilker\\AppData\\Local\\Temp\\rust_mozprofileHhTyfF"
JavaScript error: resource://gre/modules/XULStore.jsm, line 66: Error: Can't find profile directory.
console.error: SearchCache: "_readCacheFile: Error reading cache file:" (new Error("", "(unknown module)"))
1599157515682	Marionette	INFO	Listening on port 63748
1599157516112	Marionette	WARN	TLS certificate errors will be ignored for this session
JavaScript error: resource://devtools/client/inspector/rules/utils/utils.js, line 192: TypeError: rule is undefined
1599157954974	geckodriver	INFO	Listening on 127.0.0.1:63843
1599157957994	mozrunner::runner	INFO	Running command: "C:\\Program Files\\Mozilla Firefox\\firefox.exe" "--marionette" "-foreground" "-no-remote" "-profile" "C:\\Users\\ilker\\AppData\\Local\\Temp\\rust_mozprofileCpmbuV"
console.error: SearchCache: "_readCacheFile: Error reading cache file:" (new Error("", "(unknown module)"))
JavaScript error: resource://gre/modules/XULStore.jsm, line 66: Error: Can't find profile directory.
1599157960146	Marionette	INFO	Listening on port 63851
1599157960603	Marionette	WARN	TLS certificate errors will be ignored for this session
1599158070055	Marionette	INFO	Stopped listening on port 63851

###!!! [Child][MessageChannel::SendAndWait] Error: Channel error: cannot send/recv

1599158073297	geckodriver	INFO	Listening on 127.0.0.1:63961
1599158076332	mozrunner::runner	INFO	Running command: "C:\\Program Files\\Mozilla Firefox\\firefox.exe" "--marionette" "-foreground" "-no-remote" "-profile" "C:\\Users\\ilker\\AppData\\Local\\Temp\\rust_mozprofilehfC5MT"
JavaScript error: resource://gre/modules/XULStore.jsm, line 66: Error: Can't find profile directory.
console.error: SearchCache: "_readCacheFile: Error reading cache file:" (new Error("", "(unknown module)"))
1599158078502	Marionette	INFO	Listening on port 63969
1599158078943	Marionette	WARN	TLS certificate errors will be ignored for this session
1599158286984	Marionette	INFO	Stopped listening on port 63969

###!!! [Child][RunMessage] Error: Channel closing: too late to send/recv, messages will be lost


###!!! [Child][MessageChannel::SendAndWait] Error: Channel error: cannot send/recv

1599158302403	geckodriver	INFO	Listening on 127.0.0.1:64056
1599158305472	mozrunner::runner	INFO	Running command: "C:\\Program Files\\Mozilla Firefox\\firefox.exe" "--marionette" "-foreground" "-no-remote" "-profile" "C:\\Users\\ilker\\AppData\\Local\\Temp\\rust_mozprofile9DQyat"
JavaScript error: resource://gre/modules/XULStore.jsm, line 66: Error: Can't find profile directory.
console.error: SearchCache: "_readCacheFile: Error reading cache file:" (new Error("", "(unknown module)"))
1599158307643	Marionette	INFO	Listening on port 64064
1599158308081	Marionette	WARN	TLS certificate errors will be ignored for this session
1599158356820	geckodriver	INFO	Listening on 127.0.0.1:64149
1599158359845	mozrunner::runner	INFO	Running command: "C:\\Program Files\\Mozilla Firefox\\firefox.exe" "--marionette" "-foreground" "-no-remote" "-profile" "C:\\Users\\ilker\\AppData\\Local\\Temp\\rust_mozprofilei0yg08"
console.error: SearchCache: "_readCacheFile: Error reading cache file:" (new Error("", "(unknown module)"))
JavaScript error: resource://gre/modules/XULStore.jsm, line 66: Error: Can't find profile directory.
1599158362026	Marionette	INFO	Listening on port 64157
1599158362452	Marionette	WARN	TLS certificate errors will be ignored for this session
1599158405194	geckodriver	INFO	Listening on 127.0.0.1:64240
1599158408244	mozrunner::runner	INFO	Running command: "C:\\Program Files\\Mozilla Firefox\\firefox.exe" "--marionette" "-foreground" "-no-remote" "-profile" "C:\\Users\\ilker\\AppData\\Local\\Temp\\rust_mozprofilejnq2FO"
JavaScript error: resource://gre/modules/XULStore.jsm, line 66: Error: Can't find profile directory.
console.error: SearchCache: "_readCacheFile: Error reading cache file:" (new Error("", "(unknown module)"))
1599158410324	Marionette	INFO	Listening on port 64248
1599158410355	Marionette	WARN	TLS certificate errors will be ignored for this session
1599158478309	geckodriver	INFO	Listening on 127.0.0.1:64332
1599158481328	mozrunner::runner	INFO	Running command: "C:\\Program Files\\Mozilla Firefox\\firefox.exe" "--marionette" "-foreground" "-no-remote" "-profile" "C:\\Users\\ilker\\AppData\\Local\\Temp\\rust_mozprofilef0Sc3p"
JavaScript error: resource://gre/modules/XULStore.jsm, line 66: Error: Can't find profile directory.
console.error: SearchCache: "_readCacheFile: Error reading cache file:" (new Error("", "(unknown module)"))
1599158483480	Marionette	INFO	Listening on port 64340
1599158483935	Marionette	WARN	TLS certificate errors will be ignored for this session
1599158545708	Marionette	INFO	Stopped listening on port 64340

###!!! [Child][RunMessage] Error: Channel closing: too late to send/recv, messages will be lost


###!!! [Child][MessageChannel::SendAndWait] Error: Channel error: cannot send/recv

1599158549080	geckodriver	INFO	Listening on 127.0.0.1:64451
1599158552132	mozrunner::runner	INFO	Running command: "C:\\Program Files\\Mozilla Firefox\\firefox.exe" "--marionette" "-foreground" "-no-remote" "-profile" "C:\\Users\\ilker\\AppData\\Local\\Temp\\rust_mozprofileMUtfeQ"
JavaScript error: resource://gre/modules/XULStore.jsm, line 66: Error: Can't find profile directory.
console.error: SearchCache: "_readCacheFile: Error reading cache file:" (new Error("", "(unknown module)"))
1599158554361	Marionette	INFO	Listening on port 64459
1599158554740	Marionette	WARN	TLS certificate errors will be ignored for this session
1599158588738	Marionette	INFO	Stopped listening on port 64459

###!!! [Child][RunMessage] Error: Channel closing: too late to send/recv, messages will be lost


###!!! [Child][MessageChannel::SendAndWait] Error: Channel error: cannot send/recv

1599158592588	geckodriver	INFO	Listening on 127.0.0.1:64563
1599158595615	mozrunner::runner	INFO	Running command: "C:\\Program Files\\Mozilla Firefox\\firefox.exe" "--marionette" "-foreground" "-no-remote" "-profile" "C:\\Users\\ilker\\AppData\\Local\\Temp\\rust_mozprofileQQThQa"
JavaScript error: resource://gre/modules/XULStore.jsm, line 66: Error: Can't find profile directory.
console.error: SearchCache: "_readCacheFile: Error reading cache file:" (new Error("", "(unknown module)"))
1599158597766	Marionette	INFO	Listening on port 64571
1599158598223	Marionette	WARN	TLS certificate errors will be ignored for this session
1599158684174	geckodriver	INFO	Listening on 127.0.0.1:64679
1599158687195	mozrunner::runner	INFO	Running command: "C:\\Program Files\\Mozilla Firefox\\firefox.exe" "--marionette" "-foreground" "-no-remote" "-profile" "C:\\Users\\ilker\\AppData\\Local\\Temp\\rust_mozprofileopYk7k"
JavaScript error: resource://gre/modules/XULStore.jsm, line 66: Error: Can't find profile directory.
console.error: SearchCache: "_readCacheFile: Error reading cache file:" (new Error("", "(unknown module)"))
1599158689377	Marionette	INFO	Listening on port 64687
1599158689805	Marionette	WARN	TLS certificate errors will be ignored for this session
1599158719433	geckodriver	INFO	Listening on 127.0.0.1:64766
1599158722465	mozrunner::runner	INFO	Running command: "C:\\Program Files\\Mozilla Firefox\\firefox.exe" "--marionette" "-foreground" "-no-remote" "-profile" "C:\\Users\\ilker\\AppData\\Local\\Temp\\rust_mozprofileyqZmNu"
JavaScript error: resource://gre/modules/XULStore.jsm, line 66: Error: Can't find profile directory.
console.error: SearchCache: "_readCacheFile: Error reading cache file:" (new Error("", "(unknown module)"))
1599158724612	Marionette	INFO	Listening on port 64774
1599158725071	Marionette	WARN	TLS certificate errors will be ignored for this session
1599158814946	geckodriver	INFO	Listening on 127.0.0.1:64862
1599158817969	mozrunner::runner	INFO	Running command: "C:\\Program Files\\Mozilla Firefox\\firefox.exe" "--marionette" "-foreground" "-no-remote" "-profile" "C:\\Users\\ilker\\AppData\\Local\\Temp\\rust_mozprofile87MOiX"
JavaScript error: resource://gre/modules/XULStore.jsm, line 66: Error: Can't find profile directory.
console.error: SearchCache: "_readCacheFile: Error reading cache file:" (new Error("", "(unknown module)"))
1599158820099	Marionette	INFO	Listening on port 64870
1599158820579	Marionette	WARN	TLS certificate errors will be ignored for this session
1599158857885	geckodriver	INFO	Listening on 127.0.0.1:64954
1599158860916	mozrunner::runner	INFO	Running command: "C:\\Program Files\\Mozilla Firefox\\firefox.exe" "--marionette" "-foreground" "-no-remote" "-profile" "C:\\Users\\ilker\\AppData\\Local\\Temp\\rust_mozprofile7M2N7y"
console.error: SearchCache: "_readCacheFile: Error reading cache file:" (new Error("", "(unknown module)"))
JavaScript error: resource://gre/modules/XULStore.jsm, line 66: Error: Can't find profile directory.
1599158863126	Marionette	INFO	Listening on port 64962
1599158863533	Marionette	WARN	TLS certificate errors will be ignored for this session
1599159053968	Marionette	INFO	Stopped listening on port 64962

###!!! [Child][RunMessage] Error: Channel closing: too late to send/recv, messages will be lost


###!!! [Child][MessageChannel::SendAndWait] Error: Channel error: cannot send/recv

1599159058019	geckodriver	INFO	Listening on 127.0.0.1:65072
1599159061045	mozrunner::runner	INFO	Running command: "C:\\Program Files\\Mozilla Firefox\\firefox.exe" "--marionette" "-foreground" "-no-remote" "-profile" "C:\\Users\\ilker\\AppData\\Local\\Temp\\rust_mozprofile2nbD8Q"
JavaScript error: resource://gre/modules/XULStore.jsm, line 66: Error: Can't find profile directory.
console.error: SearchCache: "_readCacheFile: Error reading cache file:" (new Error("", "(unknown module)"))
1599159063128	Marionette	INFO	Listening on port 65080
1599159063154	Marionette	WARN	TLS certificate errors will be ignored for this session
1599159386340	Marionette	INFO	Stopped listening on port 65080

###!!! [Child][RunMessage] Error: Channel closing: too late to send/recv, messages will be lost


###!!! [Child][MessageChannel::SendAndWait] Error: Channel error: cannot send/recv

1599159389393	geckodriver	INFO	Listening on 127.0.0.1:65203
1599159392418	mozrunner::runner	INFO	Running command: "C:\\Program Files\\Mozilla Firefox\\firefox.exe" "--marionette" "-foreground" "-no-remote" "-profile" "C:\\Users\\ilker\\AppData\\Local\\Temp\\rust_mozprofileEOeiZ2"
JavaScript error: resource://gre/modules/XULStore.jsm, line 66: Error: Can't find profile directory.
console.error: SearchCache: "_readCacheFile: Error reading cache file:" (new Error("", "(unknown module)"))
1599159394603	Marionette	INFO	Listening on port 65211
1599159395031	Marionette	WARN	TLS certificate errors will be ignored for this session
[Child 16780, MediaDecoderStateMachine #1] WARNING: Decoder=1d94b3d5800 state=DECODING_METADATA Decode metadata failed, shutting down decoder: file /builds/worker/checkouts/gecko/dom/media/MediaDecoderStateMachine.cpp, line 376
[Child 16780, MediaDecoderStateMachine #1] WARNING: Decoder=1d94b3d5800 Decode error: NS_ERROR_DOM_MEDIA_METADATA_ERR (0x806e0006): file /builds/worker/checkouts/gecko/dom/media/MediaDecoderStateMachine.cpp, line 3470
1599159415865	Marionette	INFO	Stopped listening on port 65211

###!!! [Child][RunMessage] Error: Channel closing: too late to send/recv, messages will be lost


###!!! [Child][MessageChannel::SendAndWait] Error: Channel error: cannot send/recv

1599159421525	geckodriver	INFO	Listening on 127.0.0.1:65316
1599159424550	mozrunner::runner	INFO	Running command: "C:\\Program Files\\Mozilla Firefox\\firefox.exe" "--marionette" "-foreground" "-no-remote" "-profile" "C:\\Users\\ilker\\AppData\\Local\\Temp\\rust_mozprofileWsgAF3"
JavaScript error: resource://gre/modules/XULStore.jsm, line 66: Error: Can't find profile directory.
console.error: SearchCache: "_readCacheFile: Error reading cache file:" (new Error("", "(unknown module)"))
1599159426654	Marionette	INFO	Listening on port 65324
1599159426662	Marionette	WARN	TLS certificate errors will be ignored for this session
1599160343171	Marionette	INFO	Stopped listening on port 65324

###!!! [Child][RunMessage] Error: Channel closing: too late to send/recv, messages will be lost


###!!! [Child][MessageChannel::SendAndWait] Error: Channel error: cannot send/recv

1599160369255	geckodriver	INFO	Listening on 127.0.0.1:65504
1599160372279	mozrunner::runner	INFO	Running command: "C:\\Program Files\\Mozilla Firefox\\firefox.exe" "--marionette" "-foreground" "-no-remote" "-profile" "C:\\Users\\ilker\\AppData\\Local\\Temp\\rust_mozprofileXmnLFN"
JavaScript error: resource://gre/modules/XULStore.jsm, line 66: Error: Can't find profile directory.
console.error: SearchCache: "_readCacheFile: Error reading cache file:" (new Error("", "(unknown module)"))
1599160374400	Marionette	INFO	Listening on port 65512
1599160374887	Marionette	WARN	TLS certificate errors will be ignored for this session
1599160410285	Marionette	INFO	Stopped listening on port 65512

###!!! [Child][RunMessage] Error: Channel closing: too late to send/recv, messages will be lost


###!!! [Child][MessageChannel::SendAndWait] Error: Channel error: cannot send/recv

1599160415521	geckodriver	INFO	Listening on 127.0.0.1:49212
1599160418556	mozrunner::runner	INFO	Running command: "C:\\Program Files\\Mozilla Firefox\\firefox.exe" "--marionette" "-foreground" "-no-remote" "-profile" "C:\\Users\\ilker\\AppData\\Local\\Temp\\rust_mozprofileHta5TQ"
JavaScript error: resource://gre/modules/XULStore.jsm, line 66: Error: Can't find profile directory.
console.error: SearchCache: "_readCacheFile: Error reading cache file:" (new Error("", "(unknown module)"))
1599160420654	Marionette	INFO	Listening on port 49220
1599160420678	Marionette	WARN	TLS certificate errors will be ignored for this session
1599160636263	Marionette	INFO	Stopped listening on port 49220

###!!! [Child][RunMessage] Error: Channel closing: too late to send/recv, messages will be lost


###!!! [Child][MessageChannel::SendAndWait] Error: Channel error: cannot send/recv

1599160692250	geckodriver	INFO	Listening on 127.0.0.1:49334
1599160695277	mozrunner::runner	INFO	Running command: "C:\\Program Files\\Mozilla Firefox\\firefox.exe" "--marionette" "-foreground" "-no-remote" "-profile" "C:\\Users\\ilker\\AppData\\Local\\Temp\\rust_mozprofileiXDIyc"
JavaScript error: resource://gre/modules/XULStore.jsm, line 66: Error: Can't find profile directory.
console.error: SearchCache: "_readCacheFile: Error reading cache file:" (new Error("", "(unknown module)"))
1599160697636	Marionette	INFO	Listening on port 49344
1599160697886	Marionette	WARN	TLS certificate errors will be ignored for this session
1599160784334	Marionette	INFO	Stopped listening on port 49344

###!!! [Child][RunMessage] Error: Channel closing: too late to send/recv, messages will be lost


###!!! [Child][MessageChannel::SendAndWait] Error: Channel error: cannot send/recv

1599160791859	geckodriver	INFO	Listening on 127.0.0.1:49455
1599160794886	mozrunner::runner	INFO	Running command: "C:\\Program Files\\Mozilla Firefox\\firefox.exe" "--marionette" "-foreground" "-no-remote" "-profile" "C:\\Users\\ilker\\AppData\\Local\\Temp\\rust_mozprofile39gS7z"
JavaScript error: resource://gre/modules/XULStore.jsm, line 66: Error: Can't find profile directory.
console.error: SearchCache: "_readCacheFile: Error reading cache file:" (new Error("", "(unknown module)"))
1599160797058	Marionette	INFO	Listening on port 49463
1599160797495	Marionette	WARN	TLS certificate errors will be ignored for this session
1599160916246	Marionette	INFO	Stopped listening on port 49463

###!!! [Child][RunMessage] Error: Channel closing: too late to send/recv, messages will be lost


###!!! [Child][MessageChannel::SendAndWait] Error: Channel error: cannot send/recv

1599160919579	geckodriver	INFO	Listening on 127.0.0.1:49572
1599160922619	mozrunner::runner	INFO	Running command: "C:\\Program Files\\Mozilla Firefox\\firefox.exe" "--marionette" "-foreground" "-no-remote" "-profile" "C:\\Users\\ilker\\AppData\\Local\\Temp\\rust_mozprofileBRkmpb"
JavaScript error: resource://gre/modules/XULStore.jsm, line 66: Error: Can't find profile directory.
console.error: SearchCache: "_readCacheFile: Error reading cache file:" (new Error("", "(unknown module)"))
1599160924767	Marionette	INFO	Listening on port 49580
1599160925229	Marionette	WARN	TLS certificate errors will be ignored for this session
1599160975774	geckodriver	INFO	Listening on 127.0.0.1:49662
1599160978823	mozrunner::runner	INFO	Running command: "C:\\Program Files\\Mozilla Firefox\\firefox.exe" "--marionette" "-foreground" "-no-remote" "-profile" "C:\\Users\\ilker\\AppData\\Local\\Temp\\rust_mozprofileBD0Vo6"
JavaScript error: resource://gre/modules/XULStore.jsm, line 66: Error: Can't find profile directory.
console.error: SearchCache: "_readCacheFile: Error reading cache file:" (new Error("", "(unknown module)"))
1599160980934	Marionette	INFO	Listening on port 49676
1599160981433	Marionette	WARN	TLS certificate errors will be ignored for this session
JavaScript warning: https://yastatic.net/s3/passport-static/core/v0.2.165-8/js/react.registration.vendors.tr.js, line 19: Script terminated by timeout at:
c/<@https://yastatic.net/s3/passport-static/core/v0.2.165-8/js/react.registration.vendors.tr.js:19:22779
m@https://yastatic.net/s3/passport-static/core/v0.2.165-8/js/react.registration.vendors.tr.js:19:20856
r/</</<@https://yastatic.net/s3/passport-static/core/v0.2.165-8/js/react.registration.vendors.tr.js:19:6206
value@https://yastatic.net/s3/passport-static/core/v0.2.165-8/js/react.registration.react.tr.js:1:161420
value@https://yastatic.net/s3/passport-static/core/v0.2.165-8/js/react.registration.react.tr.js:1:161249
n/e.onFocus@https://yastatic.net/s3/passport-static/core/v0.2.165-8/js/react.registration.lego.tr.js:1:36259
l@https://yastatic.net/s3/passport-static/core/v0.2.165-8/js/react.registration.vendors.tr.js:50:830
h@https://yastatic.net/s3/passport-static/core/v0.2.165-8/js/react.registration.vendors.tr.js:50:985
P/<@https://yastatic.net/s3/passport-static/core/v0.2.165-8/js/react.registration.vendors.tr.js:50:1623
P@https://yastatic.net/s3/passport-static/core/v0.2.165-8/js/react.registration.vendors.tr.js:50:1712
j@https://yastatic.net/s3/passport-static/core/v0.2.165-8/js/react.registration.vendors.tr.js:50:2148
O@https://yastatic.net/s3/passport-static/core/v0.2.165-8/js/react.registration.vendors.tr.js:50:1960
L@https://yastatic.net/s3/passport-static/core/v0.2.165-8/js/react.registration.vendors.tr.js:50:3047
kn@https://yastatic.net/s3/passport-static/core/v0.2.165-8/js/react.registration.vendors.tr.js:50:30448
Cu@https://yastatic.net/s3/passport-static/core/v0.2.165-8/js/react.registration.vendors.tr.js:50:98208
Ie@https://yastatic.net/s3/passport-static/core/v0.2.165-8/js/react.registration.vendors.tr.js:50:10324
jn@https://yastatic.net/s3/passport-static/core/v0.2.165-8/js/react.registration.vendors.tr.js:50:30929
_u/<@https://yastatic.net/s3/passport-static/core/v0.2.165-8/js/react.registration.vendors.tr.js:50:98486
vRfZ3Wc26HsMhpXmRW1M/</t.unstable_runWithPriority@https://yastatic.net/s3/passport-static/core/v0.2.165-8/js/react.registration.vendors.tr.js:59:3198
_u@https://yastatic.net/s3/passport-static/core/v0.2.165-8/js/react.registration.vendors.tr.js:50:98410
_n@https://yastatic.net/s3/passport-static/core/v0.2.165-8/js/react.registration.vendors.tr.js:50:30672

JavaScript error: https://yastatic.net/s3/passport-static/core/v0.2.165-8/js/react.registration.vendors.tr.js, line 19: Error: Reducers may not dispatch actions.
1599162731989	geckodriver	INFO	Listening on 127.0.0.1:50267
1599162735052	mozrunner::runner	INFO	Running command: "C:\\Program Files\\Mozilla Firefox\\firefox.exe" "--marionette" "-foreground" "-no-remote" "-profile" "C:\\Users\\ilker\\AppData\\Local\\Temp\\rust_mozprofilel11xj6"
JavaScript error: resource://gre/modules/XULStore.jsm, line 66: Error: Can't find profile directory.
console.error: SearchCache: "_readCacheFile: Error reading cache file:" (new Error("", "(unknown module)"))
1599162737186	Marionette	INFO	Listening on port 50275
1599162737674	Marionette	WARN	TLS certificate errors will be ignored for this session
console.warn: LoginRecipes: "getRecipes: falling back to a synchronous message for:" "https://passport.yandex.com.tr"
JavaScript error: resource://devtools/client/inspector/rules/utils/utils.js, line 192: TypeError: rule is undefined
JavaScript error: resource://devtools/client/inspector/rules/utils/utils.js, line 192: TypeError: rule is undefined
JavaScript error: resource://devtools/client/inspector/rules/utils/utils.js, line 192: TypeError: rule is undefined
1599163040801	geckodriver	INFO	Listening on 127.0.0.1:50378
1599163043883	mozrunner::runner	INFO	Running command: "C:\\Program Files\\Mozilla Firefox\\firefox.exe" "--marionette" "-foreground" "-no-remote" "-profile" "C:\\Users\\ilker\\AppData\\Local\\Temp\\rust_mozprofileKvXG8a"
console.error: SearchCache: "_readCacheFile: Error reading cache file:" (new Error("", "(unknown module)"))
JavaScript error: resource://gre/modules/XULStore.jsm, line 66: Error: Can't find profile directory.
1599163046115	Marionette	INFO	Listening on port 50386
1599163046494	Marionette	WARN	TLS certificate errors will be ignored for this session
1599163119062	geckodriver	INFO	Listening on 127.0.0.1:50472
1599163122130	mozrunner::runner	INFO	Running command: "C:\\Program Files\\Mozilla Firefox\\firefox.exe" "--marionette" "-foreground" "-no-remote" "-profile" "C:\\Users\\ilker\\AppData\\Local\\Temp\\rust_mozprofileeR5ZVR"
JavaScript error: resource://gre/modules/XULStore.jsm, line 66: Error: Can't find profile directory.
console.error: SearchCache: "_readCacheFile: Error reading cache file:" (new Error("", "(unknown module)"))
1599163124279	Marionette	INFO	Listening on port 50480
1599163124741	Marionette	WARN	TLS certificate errors will be ignored for this session
Marionette threw an error: [Exception... "Failure"  nsresult: "0x80004005 (NS_ERROR_FAILURE)"  location: "JS frame :: chrome://marionette/content/capture.js :: capture.canvas :: line 140"  data: no]
capture.canvas@chrome://marionette/content/capture.js:140:62
GeckoDriver.prototype.takeScreenshot@chrome://marionette/content/driver.js:3083:30

Marionette threw an error: [Exception... "Failure"  nsresult: "0x80004005 (NS_ERROR_FAILURE)"  location: "JS frame :: chrome://marionette/content/capture.js :: capture.canvas :: line 140"  data: no]
capture.canvas@chrome://marionette/content/capture.js:140:62
GeckoDriver.prototype.takeScreenshot@chrome://marionette/content/driver.js:3083:30

1599163314182	geckodriver	INFO	Listening on 127.0.0.1:50627
1599163317231	mozrunner::runner	INFO	Running command: "C:\\Program Files\\Mozilla Firefox\\firefox.exe" "--marionette" "-foreground" "-no-remote" "-profile" "C:\\Users\\ilker\\AppData\\Local\\Temp\\rust_mozprofile78D3VR"
console.error: SearchCache: "_readCacheFile: Error reading cache file:" (new Error("", "(unknown module)"))
JavaScript error: resource://gre/modules/XULStore.jsm, line 66: Error: Can't find profile directory.
1599163319342	Marionette	INFO	Listening on port 50635
1599163319842	Marionette	WARN	TLS certificate errors will be ignored for this session
1599163572454	geckodriver	INFO	Listening on 127.0.0.1:50839
1599163575501	mozrunner::runner	INFO	Running command: "C:\\Program Files\\Mozilla Firefox\\firefox.exe" "--marionette" "-foreground" "-no-remote" "-profile" "C:\\Users\\ilker\\AppData\\Local\\Temp\\rust_mozprofileG9njMC"
console.error: SearchCache: "_readCacheFile: Error reading cache file:" (new Error("", "(unknown module)"))
JavaScript error: resource://gre/modules/XULStore.jsm, line 66: Error: Can't find profile directory.
1599163577681	Marionette	INFO	Listening on port 50847
1599163578113	Marionette	WARN	TLS certificate errors will be ignored for this session
1599163642681	geckodriver	INFO	Listening on 127.0.0.1:50928
1599163645735	mozrunner::runner	INFO	Running command: "C:\\Program Files\\Mozilla Firefox\\firefox.exe" "--marionette" "-foreground" "-no-remote" "-profile" "C:\\Users\\ilker\\AppData\\Local\\Temp\\rust_mozprofileclRh48"
JavaScript error: resource://gre/modules/XULStore.jsm, line 66: Error: Can't find profile directory.
console.error: SearchCache: "_readCacheFile: Error reading cache file:" (new Error("", "(unknown module)"))
1599163647854	Marionette	INFO	Listening on port 50936
1599163648348	Marionette	WARN	TLS certificate errors will be ignored for this session
1599163734508	Marionette	INFO	Stopped listening on port 50936

###!!! [Child][RunMessage] Error: Channel closing: too late to send/recv, messages will be lost


###!!! [Child][MessageChannel::SendAndWait] Error: Channel error: cannot send/recv

